<?xml version="1.0" encoding="UTF-8"?>
<testsuite name="ReverseStringTest" tests="6" skipped="0" failures="0" errors="0" timestamp="2019-10-31T14:05:51" hostname="ELSLAPM-156931" time="0.018">
  <properties/>
  <testcase name="testAWord" classname="ReverseStringTest" time="0.015"/>
  <testcase name="testAnEmptyString" classname="ReverseStringTest" time="0.0"/>
  <testcase name="testACapitalizedWord" classname="ReverseStringTest" time="0.001"/>
  <testcase name="testASentenceWithPunctuation" classname="ReverseStringTest" time="0.001"/>
  <testcase name="testAPalindrome" classname="ReverseStringTest" time="0.0"/>
  <testcase name="testAnEvenSizedWord" classname="ReverseStringTest" time="0.0"/>
  <system-out><![CDATA[r
o
b
o
t
tobor

R
a
m
e
n
nemaR
I
'
m
 
h
u
n
g
r
y
!
!yrgnuh m'I
r
a
c
e
c
a
r
racecar
d
r
a
w
e
r
reward
]]></system-out>
  <system-err><![CDATA[]]></system-err>
</testsuite>
